[2025-03-26 01:31:22,233: INFO: main: TextSummaizer is starting...]
[2025-03-27 16:05:55,672: INFO: main: >>>>>> stage Data Ingestion stage started <<<<<<]
[2025-03-27 16:05:55,672: ERROR: main: [Errno 2] No such file or directory: 'c:\\projects\\text_summerization_nlp\\src\\TextSummaizer\\config\\config.yaml']
Traceback (most recent call last):
  File "C:\Projects\Text_summerization_NLP\main.py", line 11, in <module>
    data_ingestion.main()
  File "c:\projects\text_summerization_nlp\src\TextSummaizer\pipeline\stage_1_data_ingestion.py", line 10, in main
    config=ConfigurationManager()
           ^^^^^^^^^^^^^^^^^^^^^^
  File "c:\projects\text_summerization_nlp\src\TextSummaizer\config\configuration.py", line 17, in __init__
    self.config = read_yaml(config_file_path)
                  ^^^^^^^^^^^^^^^^^^^^^^^^^^^
  File "C:\Users\Komal\anaconda3\Lib\site-packages\ensure\main.py", line 872, in __call__
    return_val = self.f(*args, **kwargs)
                 ^^^^^^^^^^^^^^^^^^^^^^^
  File "c:\projects\text_summerization_nlp\src\TextSummaizer\utils\common.py", line 34, in read_yaml
    raise e
  File "c:\projects\text_summerization_nlp\src\TextSummaizer\utils\common.py", line 27, in read_yaml
    with open(path_to_yaml) as yaml_file:
         ^^^^^^^^^^^^^^^^^^
FileNotFoundError: [Errno 2] No such file or directory: 'c:\\projects\\text_summerization_nlp\\src\\TextSummaizer\\config\\config.yaml'
[2025-03-27 16:19:17,025: INFO: main: >>>>>> stage Data Ingestion stage started <<<<<<]
[2025-03-27 16:19:17,027: ERROR: main: [Errno 2] No such file or directory: 'c:\\projects\\text_summerization_nlp\\src\\TextSummaizer\\config\\config.yaml']
Traceback (most recent call last):
  File "C:\Projects\Text_summerization_NLP\main.py", line 11, in <module>
    data_ingestion.main()
  File "c:\projects\text_summerization_nlp\src\TextSummaizer\pipeline\stage_1_data_ingestion.py", line 10, in main
    config=ConfigurationManager()
           ^^^^^^^^^^^^^^^^^^^^^^
  File "c:\projects\text_summerization_nlp\src\TextSummaizer\config\configuration.py", line 17, in __init__
    self.config = read_yaml(config_file_path)
                  ^^^^^^^^^^^^^^^^^^^^^^^^^^^
  File "C:\Users\Komal\anaconda3\Lib\site-packages\ensure\main.py", line 872, in __call__
    return_val = self.f(*args, **kwargs)
                 ^^^^^^^^^^^^^^^^^^^^^^^
  File "c:\projects\text_summerization_nlp\src\TextSummaizer\utils\common.py", line 34, in read_yaml
    raise e
  File "c:\projects\text_summerization_nlp\src\TextSummaizer\utils\common.py", line 27, in read_yaml
    with open(path_to_yaml) as yaml_file:
         ^^^^^^^^^^^^^^^^^^
FileNotFoundError: [Errno 2] No such file or directory: 'c:\\projects\\text_summerization_nlp\\src\\TextSummaizer\\config\\config.yaml'
[2025-03-27 16:24:35,077: INFO: main: >>>>>> stage Data Ingestion stage started <<<<<<]
[2025-03-27 16:24:35,079: ERROR: main: [Errno 2] No such file or directory: 'c:\\projects\\text_summerization_nlp\\src\\TextSummaizer\\config\\config.yaml']
Traceback (most recent call last):
  File "C:\Projects\Text_summerization_NLP\main.py", line 11, in <module>
    data_ingestion.main()
  File "c:\projects\text_summerization_nlp\src\TextSummaizer\pipeline\stage_1_data_ingestion.py", line 10, in main
    config=ConfigurationManager()
           ^^^^^^^^^^^^^^^^^^^^^^
  File "c:\projects\text_summerization_nlp\src\TextSummaizer\config\configuration.py", line 17, in __init__
    self.config = read_yaml(config_file_path)
                  ^^^^^^^^^^^^^^^^^^^^^^^^^^^
  File "C:\Users\Komal\anaconda3\Lib\site-packages\ensure\main.py", line 872, in __call__
    return_val = self.f(*args, **kwargs)
                 ^^^^^^^^^^^^^^^^^^^^^^^
  File "c:\projects\text_summerization_nlp\src\TextSummaizer\utils\common.py", line 34, in read_yaml
    raise e
  File "c:\projects\text_summerization_nlp\src\TextSummaizer\utils\common.py", line 27, in read_yaml
    with open(path_to_yaml) as yaml_file:
         ^^^^^^^^^^^^^^^^^^
FileNotFoundError: [Errno 2] No such file or directory: 'c:\\projects\\text_summerization_nlp\\src\\TextSummaizer\\config\\config.yaml'
[2025-03-27 16:28:21,191: INFO: main: >>>>>> stage Data Ingestion stage started <<<<<<]
[2025-03-27 16:28:21,192: ERROR: main: [Errno 2] No such file or directory: 'c:\\projects\\text_summerization_nlp\\src\\TextSummaizer\\config\\config.yaml']
Traceback (most recent call last):
  File "C:\Projects\Text_summerization_NLP\main.py", line 12, in <module>
    data_ingestion.main()
  File "c:\projects\text_summerization_nlp\src\TextSummaizer\pipeline\stage_1_data_ingestion.py", line 10, in main
    config=ConfigurationManager()
           ^^^^^^^^^^^^^^^^^^^^^^
  File "c:\projects\text_summerization_nlp\src\TextSummaizer\config\configuration.py", line 18, in __init__
    self.config = read_yaml(config_file_path)
                  ^^^^^^^^^^^^^^^^^^^^^^^^^^^
  File "C:\Users\Komal\anaconda3\Lib\site-packages\ensure\main.py", line 872, in __call__
    return_val = self.f(*args, **kwargs)
                 ^^^^^^^^^^^^^^^^^^^^^^^
  File "c:\projects\text_summerization_nlp\src\TextSummaizer\utils\common.py", line 34, in read_yaml
    raise e
  File "c:\projects\text_summerization_nlp\src\TextSummaizer\utils\common.py", line 27, in read_yaml
    with open(path_to_yaml) as yaml_file:
         ^^^^^^^^^^^^^^^^^^
FileNotFoundError: [Errno 2] No such file or directory: 'c:\\projects\\text_summerization_nlp\\src\\TextSummaizer\\config\\config.yaml'
[2025-03-27 16:30:36,738: INFO: main: >>>>>> stage Data Ingestion stage started <<<<<<]
[2025-03-27 16:30:36,742: ERROR: main: [Errno 2] No such file or directory: 'c:\\projects\\text_summerization_nlp\\src\\TextSummaizer\\config\\config.yaml']
Traceback (most recent call last):
  File "C:\Projects\Text_summerization_NLP\main.py", line 12, in <module>
    data_ingestion.main()
  File "c:\projects\text_summerization_nlp\src\TextSummaizer\pipeline\stage_1_data_ingestion.py", line 10, in main
    config=ConfigurationManager()
           ^^^^^^^^^^^^^^^^^^^^^^
  File "c:\projects\text_summerization_nlp\src\TextSummaizer\config\configuration.py", line 18, in __init__
    self.config = read_yaml(config_file_path)
                  ^^^^^^^^^^^^^^^^^^^^^^^^^^^
  File "C:\Users\Komal\anaconda3\Lib\site-packages\ensure\main.py", line 872, in __call__
    return_val = self.f(*args, **kwargs)
                 ^^^^^^^^^^^^^^^^^^^^^^^
  File "c:\projects\text_summerization_nlp\src\TextSummaizer\utils\common.py", line 34, in read_yaml
    raise e
  File "c:\projects\text_summerization_nlp\src\TextSummaizer\utils\common.py", line 27, in read_yaml
    with open(path_to_yaml) as yaml_file:
         ^^^^^^^^^^^^^^^^^^
FileNotFoundError: [Errno 2] No such file or directory: 'c:\\projects\\text_summerization_nlp\\src\\TextSummaizer\\config\\config.yaml'
[2025-03-27 16:32:02,638: INFO: main: >>>>>> stage Data Ingestion stage started <<<<<<]
[2025-03-27 16:32:02,639: ERROR: main: [Errno 2] No such file or directory: 'C:\\Projects\\Text_summerization_NLP\\src\\config\\config.yaml']
Traceback (most recent call last):
  File "C:\Projects\Text_summerization_NLP\main.py", line 12, in <module>
    data_ingestion.main()
  File "c:\projects\text_summerization_nlp\src\TextSummaizer\pipeline\stage_1_data_ingestion.py", line 10, in main
    config=ConfigurationManager()
           ^^^^^^^^^^^^^^^^^^^^^^
  File "c:\projects\text_summerization_nlp\src\TextSummaizer\config\configuration.py", line 18, in __init__
    self.config = read_yaml(config_file_path)
                  ^^^^^^^^^^^^^^^^^^^^^^^^^^^
  File "C:\Users\Komal\anaconda3\Lib\site-packages\ensure\main.py", line 872, in __call__
    return_val = self.f(*args, **kwargs)
                 ^^^^^^^^^^^^^^^^^^^^^^^
  File "c:\projects\text_summerization_nlp\src\TextSummaizer\utils\common.py", line 34, in read_yaml
    raise e
  File "c:\projects\text_summerization_nlp\src\TextSummaizer\utils\common.py", line 27, in read_yaml
    with open(path_to_yaml) as yaml_file:
         ^^^^^^^^^^^^^^^^^^
FileNotFoundError: [Errno 2] No such file or directory: 'C:\\Projects\\Text_summerization_NLP\\src\\config\\config.yaml'
[2025-03-27 16:37:39,136: INFO: main: >>>>>> stage Data Ingestion stage started <<<<<<]
[2025-03-27 16:37:39,137: ERROR: main: [Errno 2] No such file or directory: 'C:\\Projects\\Text_summerization_NLP\\src\\config\\config.yaml']
Traceback (most recent call last):
  File "C:\Projects\Text_summerization_NLP\main.py", line 12, in <module>
    config_manager = ConfigurationManager()
                     ^^^^^^^^^^^^^^^^^^^^^^
  File "c:\projects\text_summerization_nlp\src\TextSummaizer\config\configuration.py", line 18, in __init__
    self.config = read_yaml(config_file_path)
                  ^^^^^^^^^^^^^^^^^^^^^^^^^^^
  File "C:\Users\Komal\anaconda3\Lib\site-packages\ensure\main.py", line 872, in __call__
    return_val = self.f(*args, **kwargs)
                 ^^^^^^^^^^^^^^^^^^^^^^^
  File "c:\projects\text_summerization_nlp\src\TextSummaizer\utils\common.py", line 34, in read_yaml
    raise e
  File "c:\projects\text_summerization_nlp\src\TextSummaizer\utils\common.py", line 27, in read_yaml
    with open(path_to_yaml) as yaml_file:
         ^^^^^^^^^^^^^^^^^^
FileNotFoundError: [Errno 2] No such file or directory: 'C:\\Projects\\Text_summerization_NLP\\src\\config\\config.yaml'
[2025-03-27 16:39:13,727: INFO: main: >>>>>> stage Data Ingestion stage started <<<<<<]
[2025-03-27 16:39:13,729: ERROR: main: [Errno 2] No such file or directory: 'c:\\projects\\text_summerization_nlp\\src\\config\\config.yaml']
Traceback (most recent call last):
  File "C:\Projects\Text_summerization_NLP\main.py", line 12, in <module>
    config_manager = ConfigurationManager()
                     ^^^^^^^^^^^^^^^^^^^^^^
  File "c:\projects\text_summerization_nlp\src\TextSummaizer\config\configuration.py", line 18, in __init__
    self.config = read_yaml(config_file_path)
                  ^^^^^^^^^^^^^^^^^^^^^^^^^^^
  File "C:\Users\Komal\anaconda3\Lib\site-packages\ensure\main.py", line 872, in __call__
    return_val = self.f(*args, **kwargs)
                 ^^^^^^^^^^^^^^^^^^^^^^^
  File "c:\projects\text_summerization_nlp\src\TextSummaizer\utils\common.py", line 34, in read_yaml
    raise e
  File "c:\projects\text_summerization_nlp\src\TextSummaizer\utils\common.py", line 27, in read_yaml
    with open(path_to_yaml) as yaml_file:
         ^^^^^^^^^^^^^^^^^^
FileNotFoundError: [Errno 2] No such file or directory: 'c:\\projects\\text_summerization_nlp\\src\\config\\config.yaml'
[2025-03-27 16:40:07,840: INFO: main: >>>>>> stage Data Ingestion stage started <<<<<<]
[2025-03-27 16:40:07,842: ERROR: main: [Errno 2] No such file or directory: 'c:\\projects\\text_summerization_nlp\\src\\config\\config.yaml']
Traceback (most recent call last):
  File "C:\Projects\Text_summerization_NLP\main.py", line 12, in <module>
    config_manager = ConfigurationManager()
                     ^^^^^^^^^^^^^^^^^^^^^^
  File "c:\projects\text_summerization_nlp\src\TextSummaizer\config\configuration.py", line 18, in __init__
    self.config = read_yaml(config_file_path)
                  ^^^^^^^^^^^^^^^^^^^^^^^^^^^
  File "C:\Users\Komal\anaconda3\Lib\site-packages\ensure\main.py", line 872, in __call__
    return_val = self.f(*args, **kwargs)
                 ^^^^^^^^^^^^^^^^^^^^^^^
  File "c:\projects\text_summerization_nlp\src\TextSummaizer\utils\common.py", line 34, in read_yaml
    raise e
  File "c:\projects\text_summerization_nlp\src\TextSummaizer\utils\common.py", line 27, in read_yaml
    with open(path_to_yaml) as yaml_file:
         ^^^^^^^^^^^^^^^^^^
FileNotFoundError: [Errno 2] No such file or directory: 'c:\\projects\\text_summerization_nlp\\src\\config\\config.yaml'
[2025-03-27 16:45:00,787: INFO: main: >>>>>> stage Data Ingestion stage started <<<<<<]
[2025-03-27 16:45:00,789: ERROR: main: [Errno 2] No such file or directory: 'c:\\projects\\text_summerization_nlp\\src\\config\\config.yaml']
Traceback (most recent call last):
  File "C:\Projects\Text_summerization_NLP\main.py", line 17, in <module>
    config_manager = ConfigurationManager()
                     ^^^^^^^^^^^^^^^^^^^^^^
  File "c:\projects\text_summerization_nlp\src\TextSummaizer\config\configuration.py", line 18, in __init__
    self.config = read_yaml(config_file_path)
                  ^^^^^^^^^^^^^^^^^^^^^^^^^^^
  File "C:\Users\Komal\anaconda3\Lib\site-packages\ensure\main.py", line 872, in __call__
    return_val = self.f(*args, **kwargs)
                 ^^^^^^^^^^^^^^^^^^^^^^^
  File "c:\projects\text_summerization_nlp\src\TextSummaizer\utils\common.py", line 34, in read_yaml
    raise e
  File "c:\projects\text_summerization_nlp\src\TextSummaizer\utils\common.py", line 27, in read_yaml
    with open(path_to_yaml) as yaml_file:
         ^^^^^^^^^^^^^^^^^^
FileNotFoundError: [Errno 2] No such file or directory: 'c:\\projects\\text_summerization_nlp\\src\\config\\config.yaml'
[2025-03-27 16:48:57,282: INFO: main: >>>>>> stage Data Ingestion stage started <<<<<<]
[2025-03-27 16:48:57,285: ERROR: main: [Errno 2] No such file or directory: 'c:\\projects\\text_summerization_nlp\\src\\config\\config.yaml']
Traceback (most recent call last):
  File "C:\Projects\Text_summerization_NLP\main.py", line 19, in <module>
    config_manager = ConfigurationManager()
                     ^^^^^^^^^^^^^^^^^^^^^^
  File "c:\projects\text_summerization_nlp\src\TextSummaizer\config\configuration.py", line 18, in __init__
    self.config = read_yaml(config_file_path)
                  ^^^^^^^^^^^^^^^^^^^^^^^^^^^
  File "C:\Users\Komal\anaconda3\Lib\site-packages\ensure\main.py", line 872, in __call__
    return_val = self.f(*args, **kwargs)
                 ^^^^^^^^^^^^^^^^^^^^^^^
  File "c:\projects\text_summerization_nlp\src\TextSummaizer\utils\common.py", line 34, in read_yaml
    raise e
  File "c:\projects\text_summerization_nlp\src\TextSummaizer\utils\common.py", line 27, in read_yaml
    with open(path_to_yaml) as yaml_file:
         ^^^^^^^^^^^^^^^^^^
FileNotFoundError: [Errno 2] No such file or directory: 'c:\\projects\\text_summerization_nlp\\src\\config\\config.yaml'
[2025-03-27 16:56:34,257: INFO: main: >>>>>> stage Data Ingestion stage started <<<<<<]
[2025-03-27 16:56:34,258: ERROR: main: [Errno 2] No such file or directory: 'C:\\Projects\\Text_summerization_NLP\\src\\config\\config.yaml']
Traceback (most recent call last):
  File "C:\Projects\Text_summerization_NLP\main.py", line 19, in <module>
    config_manager = ConfigurationManager()
                     ^^^^^^^^^^^^^^^^^^^^^^
  File "c:\projects\text_summerization_nlp\src\TextSummaizer\config\configuration.py", line 18, in __init__
    self.config = read_yaml(config_file_path)
                  ^^^^^^^^^^^^^^^^^^^^^^^^^^^
  File "C:\Users\Komal\anaconda3\Lib\site-packages\ensure\main.py", line 872, in __call__
    return_val = self.f(*args, **kwargs)
                 ^^^^^^^^^^^^^^^^^^^^^^^
  File "c:\projects\text_summerization_nlp\src\TextSummaizer\utils\common.py", line 34, in read_yaml
    raise e
  File "c:\projects\text_summerization_nlp\src\TextSummaizer\utils\common.py", line 27, in read_yaml
    with open(path_to_yaml) as yaml_file:
         ^^^^^^^^^^^^^^^^^^
FileNotFoundError: [Errno 2] No such file or directory: 'C:\\Projects\\Text_summerization_NLP\\src\\config\\config.yaml'
[2025-03-27 16:58:15,150: INFO: main: >>>>>> stage Data Ingestion stage started <<<<<<]
[2025-03-27 16:58:15,151: ERROR: main: [Errno 2] No such file or directory: 'C:\\Projects\\Text_summerization_NLP\\src\\config\\config.yaml']
Traceback (most recent call last):
  File "C:\Projects\Text_summerization_NLP\main.py", line 19, in <module>
    config_manager = ConfigurationManager()
                     ^^^^^^^^^^^^^^^^^^^^^^
  File "c:\projects\text_summerization_nlp\src\TextSummaizer\config\configuration.py", line 18, in __init__
    self.config = read_yaml(config_file_path)
                  ^^^^^^^^^^^^^^^^^^^^^^^^^^^
  File "C:\Users\Komal\anaconda3\Lib\site-packages\ensure\main.py", line 872, in __call__
    return_val = self.f(*args, **kwargs)
                 ^^^^^^^^^^^^^^^^^^^^^^^
  File "c:\projects\text_summerization_nlp\src\TextSummaizer\utils\common.py", line 34, in read_yaml
    raise e
  File "c:\projects\text_summerization_nlp\src\TextSummaizer\utils\common.py", line 27, in read_yaml
    with open(path_to_yaml) as yaml_file:
         ^^^^^^^^^^^^^^^^^^
FileNotFoundError: [Errno 2] No such file or directory: 'C:\\Projects\\Text_summerization_NLP\\src\\config\\config.yaml'
[2025-03-27 16:59:02,285: INFO: main: >>>>>> stage Data Ingestion stage started <<<<<<]
[2025-03-27 16:59:02,286: ERROR: main: [Errno 2] No such file or directory: 'C:\\Projects\\Text_summerization_NLP\\src\\config\\config.yaml']
Traceback (most recent call last):
  File "C:\Projects\Text_summerization_NLP\main.py", line 16, in <module>
    config_manager = ConfigurationManager()
                     ^^^^^^^^^^^^^^^^^^^^^^
  File "c:\projects\text_summerization_nlp\src\TextSummaizer\config\configuration.py", line 18, in __init__
    self.config = read_yaml(config_file_path)
                  ^^^^^^^^^^^^^^^^^^^^^^^^^^^
  File "C:\Users\Komal\anaconda3\Lib\site-packages\ensure\main.py", line 872, in __call__
    return_val = self.f(*args, **kwargs)
                 ^^^^^^^^^^^^^^^^^^^^^^^
  File "c:\projects\text_summerization_nlp\src\TextSummaizer\utils\common.py", line 34, in read_yaml
    raise e
  File "c:\projects\text_summerization_nlp\src\TextSummaizer\utils\common.py", line 27, in read_yaml
    with open(path_to_yaml) as yaml_file:
         ^^^^^^^^^^^^^^^^^^
FileNotFoundError: [Errno 2] No such file or directory: 'C:\\Projects\\Text_summerization_NLP\\src\\config\\config.yaml'
[2025-03-27 16:59:30,103: INFO: main: >>>>>> stage Data Ingestion stage started <<<<<<]
[2025-03-27 16:59:30,107: INFO: common: yaml file: C:\Projects\Text_summerization_NLP\config\config.yaml loaded successfully]
[2025-03-27 16:59:30,108: INFO: common: yaml file: C:\Projects\Text_summerization_NLP\params.yaml loaded successfully]
[2025-03-27 16:59:30,111: INFO: common: created directory at: artifacts]
[2025-03-27 16:59:30,114: INFO: common: yaml file: C:\Projects\Text_summerization_NLP\config\config.yaml loaded successfully]
[2025-03-27 16:59:30,115: INFO: common: yaml file: C:\Projects\Text_summerization_NLP\params.yaml loaded successfully]
[2025-03-27 16:59:30,116: INFO: common: created directory at: artifacts]
[2025-03-27 16:59:30,117: INFO: common: created directory at: artifacts/data_ingetion]
[2025-03-27 16:59:32,243: INFO: data_ingestion: artifacts/data_ingetion/data.zip download! with following info: 
Connection: close
Content-Length: 8377572
Cache-Control: max-age=300
Content-Security-Policy: default-src 'none'; style-src 'unsafe-inline'; sandbox
Content-Type: application/zip
ETag: "3aea79eaa36efc9339c42d3a61413f75f62f7e5676002d7473efbe842605ace6"
Strict-Transport-Security: max-age=31536000
X-Content-Type-Options: nosniff
X-Frame-Options: deny
X-XSS-Protection: 1; mode=block
X-GitHub-Request-Id: E98A:3E982:173A74:372856:67E5369E
Accept-Ranges: bytes
Date: Thu, 27 Mar 2025 11:29:35 GMT
Via: 1.1 varnish
X-Served-By: cache-maa10249-MAA
X-Cache: MISS
X-Cache-Hits: 0
X-Timer: S1743074975.582771,VS0,VE673
Vary: Authorization,Accept-Encoding,Origin
Access-Control-Allow-Origin: *
Cross-Origin-Resource-Policy: cross-origin
X-Fastly-Request-ID: 1621e5dcbab95908fc6b07e2bc7751ec571918ca
Expires: Thu, 27 Mar 2025 11:34:35 GMT
Source-Age: 0

]
[2025-03-27 16:59:32,247: ERROR: main: 'DataIngestion' object has no attribute 'extract_file']
Traceback (most recent call last):
  File "C:\Projects\Text_summerization_NLP\main.py", line 18, in <module>
    data_ingestion.main()
  File "c:\projects\text_summerization_nlp\src\TextSummaizer\pipeline\stage_1_data_ingestion.py", line 14, in main
    data_ingestion.extract_file()
    ^^^^^^^^^^^^^^^^^^^^^^^^^^^
AttributeError: 'DataIngestion' object has no attribute 'extract_file'. Did you mean: 'extract_zip_file'?
[2025-03-27 17:00:47,967: INFO: main: >>>>>> stage Data Ingestion stage started <<<<<<]
[2025-03-27 17:00:47,969: INFO: common: yaml file: C:\Projects\Text_summerization_NLP\config\config.yaml loaded successfully]
[2025-03-27 17:00:47,970: INFO: common: yaml file: C:\Projects\Text_summerization_NLP\params.yaml loaded successfully]
[2025-03-27 17:00:47,970: INFO: common: created directory at: artifacts]
[2025-03-27 17:00:47,972: INFO: common: yaml file: C:\Projects\Text_summerization_NLP\config\config.yaml loaded successfully]
[2025-03-27 17:00:47,972: INFO: common: yaml file: C:\Projects\Text_summerization_NLP\params.yaml loaded successfully]
[2025-03-27 17:00:47,973: INFO: common: created directory at: artifacts]
[2025-03-27 17:00:47,974: INFO: common: created directory at: artifacts/data_ingetion]
[2025-03-27 17:00:48,777: INFO: data_ingestion: artifacts/data_ingetion/data.zip download! with following info: 
Connection: close
Content-Length: 8377572
Cache-Control: max-age=300
Content-Security-Policy: default-src 'none'; style-src 'unsafe-inline'; sandbox
Content-Type: application/zip
ETag: "3aea79eaa36efc9339c42d3a61413f75f62f7e5676002d7473efbe842605ace6"
Strict-Transport-Security: max-age=31536000
X-Content-Type-Options: nosniff
X-Frame-Options: deny
X-XSS-Protection: 1; mode=block
X-GitHub-Request-Id: E98A:3E982:173A74:372856:67E5369E
Accept-Ranges: bytes
Date: Thu, 27 Mar 2025 11:30:51 GMT
Via: 1.1 varnish
X-Served-By: cache-maa10221-MAA
X-Cache: HIT
X-Cache-Hits: 0
X-Timer: S1743075052.913466,VS0,VE1
Vary: Authorization,Accept-Encoding,Origin
Access-Control-Allow-Origin: *
Cross-Origin-Resource-Policy: cross-origin
X-Fastly-Request-ID: 87ac142b96083d9f85ee55d35dd2bc4590fab046
Expires: Thu, 27 Mar 2025 11:35:51 GMT
Source-Age: 77

]
[2025-03-27 17:00:49,026: INFO: main: >>>>>> stage Data Ingestion stage completed <<<<<<

x==========x]
[2025-03-27 22:31:06,947: INFO: common: yaml file: C:\Projects\Text_summerization_NLP\config\config.yaml loaded successfully]
[2025-03-27 22:31:06,951: INFO: common: yaml file: C:\Projects\Text_summerization_NLP\params.yaml loaded successfully]
[2025-03-27 22:31:06,954: INFO: common: created directory at: artifacts]
[2025-03-27 23:07:26,850: INFO: main: >>>>>> stage Data Ingestion stage started <<<<<<]
[2025-03-27 23:07:26,855: INFO: common: yaml file: C:\Projects\Text_summerization_NLP\config\config.yaml loaded successfully]
[2025-03-27 23:07:26,857: INFO: common: yaml file: C:\Projects\Text_summerization_NLP\params.yaml loaded successfully]
[2025-03-27 23:07:26,857: INFO: common: created directory at: artifacts]
[2025-03-27 23:07:26,859: INFO: common: yaml file: C:\Projects\Text_summerization_NLP\config\config.yaml loaded successfully]
[2025-03-27 23:07:26,861: INFO: common: yaml file: C:\Projects\Text_summerization_NLP\params.yaml loaded successfully]
[2025-03-27 23:07:26,861: INFO: common: created directory at: artifacts]
[2025-03-27 23:07:26,862: INFO: common: created directory at: artifacts/data_ingetion]
[2025-03-27 23:07:26,864: INFO: data_ingestion: File already exists of size: ~ 8181 KB]
[2025-03-27 23:07:27,228: INFO: main: >>>>>> stage Data Ingestion stage completed <<<<<<

x==========x]
[2025-03-27 23:10:28,715: INFO: main: >>>>>> stage Data Ingestion stage started <<<<<<]
[2025-03-27 23:10:28,718: INFO: common: yaml file: C:\Projects\Text_summerization_NLP\config\config.yaml loaded successfully]
[2025-03-27 23:10:28,719: INFO: common: yaml file: C:\Projects\Text_summerization_NLP\params.yaml loaded successfully]
[2025-03-27 23:10:28,719: INFO: common: created directory at: artifacts]
[2025-03-27 23:10:28,721: INFO: common: yaml file: C:\Projects\Text_summerization_NLP\config\config.yaml loaded successfully]
[2025-03-27 23:10:28,722: INFO: common: yaml file: C:\Projects\Text_summerization_NLP\params.yaml loaded successfully]
[2025-03-27 23:10:28,723: INFO: common: created directory at: artifacts]
[2025-03-27 23:10:28,723: INFO: common: created directory at: artifacts/data_ingetion]
[2025-03-27 23:10:31,168: INFO: data_ingestion: artifacts/data_ingetion/data.zip download! with following info: 
Connection: close
Content-Length: 8377572
Cache-Control: max-age=300
Content-Security-Policy: default-src 'none'; style-src 'unsafe-inline'; sandbox
Content-Type: application/zip
ETag: "3aea79eaa36efc9339c42d3a61413f75f62f7e5676002d7473efbe842605ace6"
Strict-Transport-Security: max-age=31536000
X-Content-Type-Options: nosniff
X-Frame-Options: deny
X-XSS-Protection: 1; mode=block
X-GitHub-Request-Id: 3307:2BA4DF:1E2163:464AD2:67E58D8E
Accept-Ranges: bytes
Date: Thu, 27 Mar 2025 17:40:34 GMT
Via: 1.1 varnish
X-Served-By: cache-maa10222-MAA
X-Cache: MISS
X-Cache-Hits: 0
X-Timer: S1743097234.593256,VS0,VE674
Vary: Authorization,Accept-Encoding,Origin
Access-Control-Allow-Origin: *
Cross-Origin-Resource-Policy: cross-origin
X-Fastly-Request-ID: 066e97b5bf603318d353d9c92f9ca252b4c52b19
Expires: Thu, 27 Mar 2025 17:45:34 GMT
Source-Age: 0

]
[2025-03-27 23:10:31,421: INFO: main: >>>>>> stage Data Ingestion stage completed <<<<<<

x==========x]
[2025-03-27 23:43:28,280: INFO: common: yaml file: C:\Projects\Text_summerization_NLP\config\config.yaml loaded successfully]
[2025-03-27 23:43:28,290: INFO: common: yaml file: C:\Projects\Text_summerization_NLP\params.yaml loaded successfully]
[2025-03-27 23:43:28,294: INFO: common: created directory at: artifacts]
[2025-03-27 23:43:28,296: INFO: common: created directory at: artifacts/data_validation]
[2025-03-28 00:11:42,061: INFO: main: >>>>>> stage Data Ingestion stage started <<<<<<]
[2025-03-28 00:11:42,068: INFO: common: yaml file: C:\Projects\Text_summerization_NLP\config\config.yaml loaded successfully]
[2025-03-28 00:11:42,069: INFO: common: yaml file: C:\Projects\Text_summerization_NLP\params.yaml loaded successfully]
[2025-03-28 00:11:42,069: INFO: common: created directory at: artifacts]
[2025-03-28 00:11:42,071: INFO: common: yaml file: C:\Projects\Text_summerization_NLP\config\config.yaml loaded successfully]
[2025-03-28 00:11:42,072: INFO: common: yaml file: C:\Projects\Text_summerization_NLP\params.yaml loaded successfully]
[2025-03-28 00:11:42,072: INFO: common: created directory at: artifacts]
[2025-03-28 00:11:42,073: INFO: common: created directory at: artifacts/data_ingetion]
[2025-03-28 00:11:42,073: INFO: data_ingestion: File already exists of size: ~ 8181 KB]
[2025-03-28 00:11:42,263: INFO: main: >>>>>> stage Data Ingestion stage completed <<<<<<

x==========x]
[2025-03-28 00:11:42,264: INFO: main: >>>>>> stage Data Validation stage started <<<<<<]
[2025-03-28 00:11:42,266: INFO: common: yaml file: C:\Projects\Text_summerization_NLP\config\config.yaml loaded successfully]
[2025-03-28 00:11:42,267: INFO: common: yaml file: C:\Projects\Text_summerization_NLP\params.yaml loaded successfully]
[2025-03-28 00:11:42,268: INFO: common: created directory at: artifacts]
[2025-03-28 00:11:42,270: INFO: common: yaml file: C:\Projects\Text_summerization_NLP\config\config.yaml loaded successfully]
[2025-03-28 00:11:42,272: INFO: common: yaml file: C:\Projects\Text_summerization_NLP\params.yaml loaded successfully]
[2025-03-28 00:11:42,274: INFO: common: created directory at: artifacts]
[2025-03-28 00:11:42,275: INFO: common: created directory at: artifacts/data_validation]
[2025-03-28 00:11:42,275: ERROR: main: 'DataValiadtion' object has no attribute 'download_file']
Traceback (most recent call last):
  File "C:\Projects\Text_summerization_NLP\main.py", line 35, in <module>
    data_validation.main()
  File "c:\projects\text_summerization_nlp\src\TextSummaizer\pipeline\stage_2_data_validation.py", line 13, in main
    data_validation.download_file()
    ^^^^^^^^^^^^^^^^^^^^^^^^^^^^^
AttributeError: 'DataValiadtion' object has no attribute 'download_file'
[2025-03-28 00:16:22,863: INFO: main: >>>>>> stage Data Ingestion stage started <<<<<<]
[2025-03-28 00:16:22,866: INFO: common: yaml file: C:\Projects\Text_summerization_NLP\config\config.yaml loaded successfully]
[2025-03-28 00:16:22,867: INFO: common: yaml file: C:\Projects\Text_summerization_NLP\params.yaml loaded successfully]
[2025-03-28 00:16:22,867: INFO: common: created directory at: artifacts]
[2025-03-28 00:16:22,869: INFO: common: yaml file: C:\Projects\Text_summerization_NLP\config\config.yaml loaded successfully]
[2025-03-28 00:16:22,870: INFO: common: yaml file: C:\Projects\Text_summerization_NLP\params.yaml loaded successfully]
[2025-03-28 00:16:22,870: INFO: common: created directory at: artifacts]
[2025-03-28 00:16:22,871: INFO: common: created directory at: artifacts/data_ingetion]
[2025-03-28 00:16:24,755: INFO: data_ingestion: artifacts/data_ingetion/data.zip download! with following info: 
Connection: close
Content-Length: 8377572
Cache-Control: max-age=300
Content-Security-Policy: default-src 'none'; style-src 'unsafe-inline'; sandbox
Content-Type: application/zip
ETag: "3aea79eaa36efc9339c42d3a61413f75f62f7e5676002d7473efbe842605ace6"
Strict-Transport-Security: max-age=31536000
X-Content-Type-Options: nosniff
X-Frame-Options: deny
X-XSS-Protection: 1; mode=block
X-GitHub-Request-Id: 3307:2BA4DF:1E2163:464AD2:67E58D8E
Accept-Ranges: bytes
Date: Thu, 27 Mar 2025 18:46:24 GMT
Via: 1.1 varnish
X-Served-By: cache-maa10226-MAA
X-Cache: HIT
X-Cache-Hits: 0
X-Timer: S1743101184.104819,VS0,VE290
Vary: Authorization,Accept-Encoding,Origin
Access-Control-Allow-Origin: *
Cross-Origin-Resource-Policy: cross-origin
X-Fastly-Request-ID: 6179a28daf61b65f6237bb8d4267df766194b56c
Expires: Thu, 27 Mar 2025 18:51:24 GMT
Source-Age: 0

]
[2025-03-28 00:16:25,351: INFO: main: >>>>>> stage Data Ingestion stage completed <<<<<<

x==========x]
[2025-03-28 00:16:25,352: INFO: main: >>>>>> stage Data Validation stage started <<<<<<]
[2025-03-28 00:16:25,354: INFO: common: yaml file: C:\Projects\Text_summerization_NLP\config\config.yaml loaded successfully]
[2025-03-28 00:16:25,355: INFO: common: yaml file: C:\Projects\Text_summerization_NLP\params.yaml loaded successfully]
[2025-03-28 00:16:25,355: INFO: common: created directory at: artifacts]
[2025-03-28 00:16:25,357: INFO: common: yaml file: C:\Projects\Text_summerization_NLP\config\config.yaml loaded successfully]
[2025-03-28 00:16:25,358: INFO: common: yaml file: C:\Projects\Text_summerization_NLP\params.yaml loaded successfully]
[2025-03-28 00:16:25,358: INFO: common: created directory at: artifacts]
[2025-03-28 00:16:25,359: INFO: common: created directory at: artifacts/data_validation]
[2025-03-28 00:16:25,362: INFO: main: >>>>>> stage Data Validation stage completed <<<<<<

x==========x]
[2025-03-28 00:33:13,893: INFO: common: yaml file: C:\Projects\Text_summerization_NLP\config\config.yaml loaded successfully]
[2025-03-28 00:33:13,898: INFO: common: yaml file: C:\Projects\Text_summerization_NLP\params.yaml loaded successfully]
[2025-03-28 00:33:13,900: INFO: common: created directory at: artifacts]
[2025-03-28 00:33:13,903: INFO: common: created directory at: artifacts/data_transformation]
[2025-03-28 00:36:41,694: INFO: common: yaml file: C:\Projects\Text_summerization_NLP\config\config.yaml loaded successfully]
[2025-03-28 00:36:41,697: INFO: common: yaml file: C:\Projects\Text_summerization_NLP\params.yaml loaded successfully]
[2025-03-28 00:36:41,699: INFO: common: created directory at: artifacts]
[2025-03-28 00:36:41,702: INFO: common: created directory at: artifacts/data_transformation]
[2025-03-28 00:38:37,048: INFO: common: yaml file: C:\Projects\Text_summerization_NLP\config\config.yaml loaded successfully]
[2025-03-28 00:38:37,051: INFO: common: yaml file: C:\Projects\Text_summerization_NLP\params.yaml loaded successfully]
[2025-03-28 00:38:37,053: INFO: common: created directory at: artifacts]
[2025-03-28 00:38:37,056: INFO: common: created directory at: artifacts/data_transformation]
[2025-03-28 00:40:44,332: INFO: common: yaml file: C:\Projects\Text_summerization_NLP\config\config.yaml loaded successfully]
[2025-03-28 00:40:44,335: INFO: common: yaml file: C:\Projects\Text_summerization_NLP\params.yaml loaded successfully]
[2025-03-28 00:40:44,337: INFO: common: created directory at: artifacts]
[2025-03-28 00:40:44,340: INFO: common: created directory at: artifacts/data_transformation]
[2025-03-28 00:42:14,916: INFO: common: yaml file: C:\Projects\Text_summerization_NLP\config\config.yaml loaded successfully]
[2025-03-28 00:42:14,918: INFO: common: yaml file: C:\Projects\Text_summerization_NLP\params.yaml loaded successfully]
[2025-03-28 00:42:14,921: INFO: common: created directory at: artifacts]
[2025-03-28 00:42:14,923: INFO: common: created directory at: artifacts/data_transformation]
[2025-03-28 00:43:09,641: INFO: common: yaml file: C:\Projects\Text_summerization_NLP\config\config.yaml loaded successfully]
[2025-03-28 00:43:09,643: INFO: common: yaml file: C:\Projects\Text_summerization_NLP\params.yaml loaded successfully]
[2025-03-28 00:43:09,644: INFO: common: created directory at: artifacts]
[2025-03-28 00:43:09,647: INFO: common: created directory at: artifacts/data_transformation]
[2025-03-28 12:11:15,997: INFO: common: yaml file: C:\Projects\Text_summerization_NLP\config\config.yaml loaded successfully]
[2025-03-28 12:11:16,007: INFO: common: yaml file: C:\Projects\Text_summerization_NLP\params.yaml loaded successfully]
[2025-03-28 12:11:16,009: INFO: common: created directory at: artifacts]
[2025-03-28 12:11:16,010: INFO: common: created directory at: artifacts/data_transformation]
[2025-03-28 12:14:09,044: INFO: common: yaml file: C:\Projects\Text_summerization_NLP\config\config.yaml loaded successfully]
[2025-03-28 12:14:09,046: INFO: common: yaml file: C:\Projects\Text_summerization_NLP\params.yaml loaded successfully]
[2025-03-28 12:14:09,047: INFO: common: created directory at: artifacts]
[2025-03-28 12:14:09,048: INFO: common: created directory at: artifacts/data_transformation]
[2025-03-28 12:16:33,594: INFO: common: yaml file: C:\Projects\Text_summerization_NLP\config\config.yaml loaded successfully]
[2025-03-28 12:16:33,596: INFO: common: yaml file: C:\Projects\Text_summerization_NLP\params.yaml loaded successfully]
[2025-03-28 12:16:33,597: INFO: common: created directory at: artifacts]
[2025-03-28 12:16:33,598: INFO: common: created directory at: artifacts/data_transformation]
[2025-03-28 12:42:23,502: INFO: config: PyTorch version 2.6.0 available.]
[2025-03-28 12:42:39,678: INFO: common: yaml file: C:\Projects\Text_summerization_NLP\config\config.yaml loaded successfully]
[2025-03-28 12:42:39,688: INFO: common: yaml file: C:\Projects\Text_summerization_NLP\params.yaml loaded successfully]
[2025-03-28 12:42:39,689: INFO: common: created directory at: artifacts]
[2025-03-28 12:42:39,690: INFO: common: created directory at: artifacts/data_transformation]
[2025-03-28 13:39:36,801: INFO: utils: Note: NumExpr detected 18 cores but "NUMEXPR_MAX_THREADS" not set, so enforcing safe limit of 8.]
[2025-03-28 13:39:36,802: INFO: utils: NumExpr defaulting to 8 threads.]
[2025-03-28 13:39:37,529: INFO: config: PyTorch version 2.6.0 available.]
[2025-03-28 13:39:37,536: INFO: config: JAX version 0.5.2 available.]
[2025-03-28 13:39:38,348: INFO: main: >>>>>> stage Data Ingestion stage started <<<<<<]
[2025-03-28 13:39:38,364: INFO: common: yaml file: C:\Projects\Text_summerization_NLP\config\config.yaml loaded successfully]
[2025-03-28 13:39:38,381: INFO: common: yaml file: C:\Projects\Text_summerization_NLP\params.yaml loaded successfully]
[2025-03-28 13:39:38,383: INFO: common: created directory at: artifacts]
[2025-03-28 13:39:38,388: INFO: common: yaml file: C:\Projects\Text_summerization_NLP\config\config.yaml loaded successfully]
[2025-03-28 13:39:38,391: INFO: common: yaml file: C:\Projects\Text_summerization_NLP\params.yaml loaded successfully]
[2025-03-28 13:39:38,391: INFO: common: created directory at: artifacts]
[2025-03-28 13:39:38,392: INFO: common: created directory at: artifacts/data_ingetion]
[2025-03-28 13:39:40,476: INFO: data_ingestion: artifacts/data_ingetion/data.zip download! with following info: 
Connection: close
Content-Length: 8377572
Cache-Control: max-age=300
Content-Security-Policy: default-src 'none'; style-src 'unsafe-inline'; sandbox
Content-Type: application/zip
ETag: "3aea79eaa36efc9339c42d3a61413f75f62f7e5676002d7473efbe842605ace6"
Strict-Transport-Security: max-age=31536000
X-Content-Type-Options: nosniff
X-Frame-Options: deny
X-XSS-Protection: 1; mode=block
X-GitHub-Request-Id: 3E7F:2F90E8:29256D:64AFBB:67E65943
Accept-Ranges: bytes
Date: Fri, 28 Mar 2025 08:09:41 GMT
Via: 1.1 varnish
X-Served-By: cache-maa10230-MAA
X-Cache: MISS
X-Cache-Hits: 0
X-Timer: S1743149381.731130,VS0,VE683
Vary: Authorization,Accept-Encoding,Origin
Access-Control-Allow-Origin: *
Cross-Origin-Resource-Policy: cross-origin
X-Fastly-Request-ID: 46517f69b86d74c5a35c03f88ec7a604f6d02df5
Expires: Fri, 28 Mar 2025 08:14:41 GMT
Source-Age: 0

]
[2025-03-28 13:39:40,684: INFO: main: >>>>>> stage Data Ingestion stage completed <<<<<<

x==========x]
[2025-03-28 13:39:40,685: INFO: main: >>>>>> stage Data Validation stage started <<<<<<]
[2025-03-28 13:39:40,688: INFO: common: yaml file: C:\Projects\Text_summerization_NLP\config\config.yaml loaded successfully]
[2025-03-28 13:39:40,689: INFO: common: yaml file: C:\Projects\Text_summerization_NLP\params.yaml loaded successfully]
[2025-03-28 13:39:40,690: INFO: common: created directory at: artifacts]
[2025-03-28 13:39:40,694: INFO: common: yaml file: C:\Projects\Text_summerization_NLP\config\config.yaml loaded successfully]
[2025-03-28 13:39:40,696: INFO: common: yaml file: C:\Projects\Text_summerization_NLP\params.yaml loaded successfully]
[2025-03-28 13:39:40,697: INFO: common: created directory at: artifacts]
[2025-03-28 13:39:40,698: INFO: common: created directory at: artifacts/data_validation]
[2025-03-28 13:39:40,701: INFO: main: >>>>>> stage Data Validation stage completed <<<<<<

x==========x]
[2025-03-28 13:39:40,703: INFO: main: >>>>>> stage Data Transformation stage started <<<<<<]
[2025-03-28 13:39:40,705: INFO: common: yaml file: C:\Projects\Text_summerization_NLP\config\config.yaml loaded successfully]
[2025-03-28 13:39:40,706: INFO: common: yaml file: C:\Projects\Text_summerization_NLP\params.yaml loaded successfully]
[2025-03-28 13:39:40,707: INFO: common: created directory at: artifacts]
[2025-03-28 13:39:40,709: INFO: common: created directory at: artifacts/data_transformation]
[2025-03-28 13:39:46,157: INFO: main: >>>>>> stage Data Transformation stage completed <<<<<<

x==========x]
[2025-03-28 15:52:42,417: INFO: config: PyTorch version 2.6.0 available.]
[2025-03-28 15:52:58,176: INFO: common: yaml file: C:\Projects\Text_summerization_NLP\config\config.yaml loaded successfully]
[2025-03-28 15:52:58,196: INFO: common: yaml file: C:\Projects\Text_summerization_NLP\params.yaml loaded successfully]
[2025-03-28 15:52:58,197: INFO: common: created directory at: artifacts]
[2025-03-28 15:52:58,199: INFO: common: created directory at: artifacts/model_trainer]
[2025-03-28 15:56:45,624: INFO: config: PyTorch version 2.6.0 available.]
[2025-03-28 15:56:59,995: INFO: common: yaml file: C:\Projects\Text_summerization_NLP\config\config.yaml loaded successfully]
[2025-03-28 15:57:00,004: INFO: common: yaml file: C:\Projects\Text_summerization_NLP\params.yaml loaded successfully]
[2025-03-28 15:57:00,006: INFO: common: created directory at: artifacts]
[2025-03-28 15:57:00,008: INFO: common: created directory at: artifacts/model_trainer]
[2025-03-28 20:29:16,249: INFO: common: yaml file: C:\Projects\Text_summerization_NLP\config\config.yaml loaded successfully]
[2025-03-28 20:29:16,259: INFO: common: yaml file: C:\Projects\Text_summerization_NLP\params.yaml loaded successfully]
[2025-03-28 20:29:16,263: INFO: common: created directory at: artifacts]
[2025-03-28 20:29:16,267: INFO: common: created directory at: artifacts/model_trainer]
[2025-03-28 22:38:00,487: INFO: utils: Note: NumExpr detected 18 cores but "NUMEXPR_MAX_THREADS" not set, so enforcing safe limit of 8.]
[2025-03-28 22:38:00,488: INFO: utils: NumExpr defaulting to 8 threads.]
[2025-03-28 22:38:01,651: INFO: config: PyTorch version 2.6.0 available.]
[2025-03-28 22:38:01,666: INFO: config: JAX version 0.5.2 available.]
[2025-03-28 22:38:03,583: INFO: main: >>>>>> stage Data Ingestion stage started <<<<<<]
[2025-03-28 22:38:03,640: INFO: common: yaml file: C:\Projects\Text_summerization_NLP\config\config.yaml loaded successfully]
[2025-03-28 22:38:03,662: INFO: common: yaml file: C:\Projects\Text_summerization_NLP\params.yaml loaded successfully]
[2025-03-28 22:38:03,664: INFO: common: created directory at: artifacts]
[2025-03-28 22:38:03,670: INFO: common: yaml file: C:\Projects\Text_summerization_NLP\config\config.yaml loaded successfully]
[2025-03-28 22:38:03,675: INFO: common: yaml file: C:\Projects\Text_summerization_NLP\params.yaml loaded successfully]
[2025-03-28 22:38:03,676: INFO: common: created directory at: artifacts]
[2025-03-28 22:38:03,677: INFO: common: created directory at: artifacts/data_ingetion]
[2025-03-28 22:38:03,680: INFO: data_ingestion: File already exists of size: ~ 8181 KB]
[2025-03-28 22:38:04,360: INFO: main: >>>>>> stage Data Ingestion stage completed <<<<<<

x==========x]
[2025-03-28 22:38:04,361: INFO: main: >>>>>> stage Data Validation stage started <<<<<<]
[2025-03-28 22:38:04,368: INFO: common: yaml file: C:\Projects\Text_summerization_NLP\config\config.yaml loaded successfully]
[2025-03-28 22:38:04,371: INFO: common: yaml file: C:\Projects\Text_summerization_NLP\params.yaml loaded successfully]
[2025-03-28 22:38:04,372: INFO: common: created directory at: artifacts]
[2025-03-28 22:38:04,378: INFO: common: yaml file: C:\Projects\Text_summerization_NLP\config\config.yaml loaded successfully]
[2025-03-28 22:38:04,382: INFO: common: yaml file: C:\Projects\Text_summerization_NLP\params.yaml loaded successfully]
[2025-03-28 22:38:04,384: INFO: common: created directory at: artifacts]
[2025-03-28 22:38:04,385: INFO: common: created directory at: artifacts/data_validation]
[2025-03-28 22:38:04,389: INFO: main: >>>>>> stage Data Validation stage completed <<<<<<

x==========x]
[2025-03-28 22:38:04,391: INFO: main: >>>>>> stage Data Transformation stage started <<<<<<]
[2025-03-28 22:38:04,395: INFO: common: yaml file: C:\Projects\Text_summerization_NLP\config\config.yaml loaded successfully]
[2025-03-28 22:38:04,399: INFO: common: yaml file: C:\Projects\Text_summerization_NLP\params.yaml loaded successfully]
[2025-03-28 22:38:04,401: INFO: common: created directory at: artifacts]
[2025-03-28 22:38:04,403: INFO: common: created directory at: artifacts/data_transformation]
[2025-03-28 22:38:08,934: INFO: main: >>>>>> stage Data Transformation stage completed <<<<<<

x==========x]
[2025-03-28 22:38:08,935: INFO: main: *******************]
[2025-03-28 22:38:08,936: INFO: main: >>>>>> stage Model Trainer stage started <<<<<<]
[2025-03-28 22:38:08,941: INFO: common: yaml file: C:\Projects\Text_summerization_NLP\config\config.yaml loaded successfully]
[2025-03-28 22:38:08,945: INFO: common: yaml file: C:\Projects\Text_summerization_NLP\params.yaml loaded successfully]
[2025-03-28 22:38:08,947: INFO: common: created directory at: artifacts]
[2025-03-28 22:38:08,948: INFO: common: created directory at: artifacts/model_trainer]
[2025-03-28 23:21:12,864: INFO: main: >>>>>> stage Model Trainer stage completed <<<<<<

x==========x]
